The system is: Darwin - 17.3.0 - x86_64
Compiling the C compiler identification source file "CMakeCCompilerId.c" succeeded.
Compiler:  
Build flags: 
Id flags:  

The output was:
0
=== BUILD TARGET CompilerIdC OF PROJECT CompilerIdC WITH THE DEFAULT CONFIGURATION (Debug) ===

Check dependencies

Write auxiliary files
write-file /Users/michalrogowski/Downloads/bcg729-master-2/CMakeFiles/3.10.1/CompilerIdC/CompilerIdC.build/Debug/CompilerIdC.build/CompilerIdC-all-non-framework-target-headers.hmap
write-file /Users/michalrogowski/Downloads/bcg729-master-2/CMakeFiles/3.10.1/CompilerIdC/CompilerIdC.build/Debug/CompilerIdC.build/Script-2C8FEB8E15DC1A1A00E56A5D.sh
chmod 0755 /Users/michalrogowski/Downloads/bcg729-master-2/CMakeFiles/3.10.1/CompilerIdC/CompilerIdC.build/Debug/CompilerIdC.build/Script-2C8FEB8E15DC1A1A00E56A5D.sh
write-file /Users/michalrogowski/Downloads/bcg729-master-2/CMakeFiles/3.10.1/CompilerIdC/CompilerIdC.build/Debug/CompilerIdC.build/CompilerIdC-all-target-headers.hmap
write-file /Users/michalrogowski/Downloads/bcg729-master-2/CMakeFiles/3.10.1/CompilerIdC/CompilerIdC.build/Debug/CompilerIdC.build/CompilerIdC.hmap
write-file /Users/michalrogowski/Downloads/bcg729-master-2/CMakeFiles/3.10.1/CompilerIdC/CompilerIdC.build/Debug/CompilerIdC.build/CompilerIdC-own-target-headers.hmap
write-file /Users/michalrogowski/Downloads/bcg729-master-2/CMakeFiles/3.10.1/CompilerIdC/CompilerIdC.build/Debug/CompilerIdC.build/CompilerIdC-project-headers.hmap
/bin/mkdir -p /Users/michalrogowski/Downloads/bcg729-master-2/CMakeFiles/3.10.1/CompilerIdC/CompilerIdC.build/Debug/CompilerIdC.build/Objects-normal/x86_64
write-file /Users/michalrogowski/Downloads/bcg729-master-2/CMakeFiles/3.10.1/CompilerIdC/CompilerIdC.build/Debug/CompilerIdC.build/Objects-normal/x86_64/CompilerIdC.LinkFileList
write-file /Users/michalrogowski/Downloads/bcg729-master-2/CMakeFiles/3.10.1/CompilerIdC/CompilerIdC.build/Debug/CompilerIdC.build/CompilerIdC-generated-files.hmap

CompileC CompilerIdC.build/Debug/CompilerIdC.build/Objects-normal/x86_64/CMakeCCompilerId.o CMakeCCompilerId.c normal x86_64 c com.apple.compilers.llvm.clang.1_0.compiler
    cd /Users/michalrogowski/Downloads/bcg729-master-2/CMakeFiles/3.10.1/CompilerIdC
    export LANG=en_US.US-ASCII
    /Applications/Xcode.app/Contents/Developer/Toolchains/XcodeDefault.xctoolchain/usr/bin/clang -x c -arch x86_64 -fmessage-length=0 -fdiagnostics-show-note-include-stack -fmacro-backtrace-limit=0 -Wno-trigraphs -fpascal-strings -Os -Wno-missing-field-initializers -Wno-missing-prototypes -Wno-return-type -Wno-missing-braces -Wparentheses -Wswitch -Wno-unused-function -Wno-unused-label -Wno-unused-parameter -Wno-unused-variable -Wunused-value -Wno-empty-body -Wno-uninitialized -Wno-unknown-pragmas -Wno-shadow -Wno-four-char-constants -Wno-conversion -Wno-constant-conversion -Wno-int-conversion -Wno-bool-conversion -Wno-enum-conversion -Wno-float-conversion -Wno-non-literal-null-conversion -Wno-objc-literal-conversion -Wno-shorten-64-to-32 -Wpointer-sign -Wno-newline-eof -isysroot /Applications/Xcode.app/Contents/Developer/Platforms/MacOSX.platform/Developer/SDKs/MacOSX10.13.sdk -fasm-blocks -fstrict-aliasing -Wdeprecated-declarations -mmacosx-version-min=10.13 -g -fvisibility=hidden -Wno-sign-conversion -Wno-infinite-recursion -Wno-comma -Wno-block-capture-autoreleasing -Wno-strict-prototypes -I/Users/michalrogowski/Downloads/bcg729-master-2/CMakeFiles/3.10.1/CompilerIdC/CompilerIdC.build/Debug/CompilerIdC.build/CompilerIdC.hmap -I/Users/michalrogowski/Downloads/bcg729-master-2/CMakeFiles/3.10.1/CompilerIdC/include -I/Users/michalrogowski/Downloads/bcg729-master-2/CMakeFiles/3.10.1/CompilerIdC/CompilerIdC.build/Debug/CompilerIdC.build/DerivedSources/x86_64 -I/Users/michalrogowski/Downloads/bcg729-master-2/CMakeFiles/3.10.1/CompilerIdC/CompilerIdC.build/Debug/CompilerIdC.build/DerivedSources -F/Users/michalrogowski/Downloads/bcg729-master-2/CMakeFiles/3.10.1/CompilerIdC -MMD -MT dependencies -MF /Users/michalrogowski/Downloads/bcg729-master-2/CMakeFiles/3.10.1/CompilerIdC/CompilerIdC.build/Debug/CompilerIdC.build/Objects-normal/x86_64/CMakeCCompilerId.d --serialize-diagnostics /Users/michalrogowski/Downloads/bcg729-master-2/CMakeFiles/3.10.1/CompilerIdC/CompilerIdC.build/Debug/CompilerIdC.build/Objects-normal/x86_64/CMakeCCompilerId.dia -c /Users/michalrogowski/Downloads/bcg729-master-2/CMakeFiles/3.10.1/CompilerIdC/CMakeCCompilerId.c -o /Users/michalrogowski/Downloads/bcg729-master-2/CMakeFiles/3.10.1/CompilerIdC/CompilerIdC.build/Debug/CompilerIdC.build/Objects-normal/x86_64/CMakeCCompilerId.o

Ld CompilerIdC normal x86_64
    cd /Users/michalrogowski/Downloads/bcg729-master-2/CMakeFiles/3.10.1/CompilerIdC
    export MACOSX_DEPLOYMENT_TARGET=10.13
    /Applications/Xcode.app/Contents/Developer/Toolchains/XcodeDefault.xctoolchain/usr/bin/clang -arch x86_64 -isysroot /Applications/Xcode.app/Contents/Developer/Platforms/MacOSX.platform/Developer/SDKs/MacOSX10.13.sdk -L/Users/michalrogowski/Downloads/bcg729-master-2/CMakeFiles/3.10.1/CompilerIdC -F/Users/michalrogowski/Downloads/bcg729-master-2/CMakeFiles/3.10.1/CompilerIdC -filelist /Users/michalrogowski/Downloads/bcg729-master-2/CMakeFiles/3.10.1/CompilerIdC/CompilerIdC.build/Debug/CompilerIdC.build/Objects-normal/x86_64/CompilerIdC.LinkFileList -mmacosx-version-min=10.13 -Xlinker -object_path_lto -Xlinker /Users/michalrogowski/Downloads/bcg729-master-2/CMakeFiles/3.10.1/CompilerIdC/CompilerIdC.build/Debug/CompilerIdC.build/Objects-normal/x86_64/CompilerIdC_lto.o -Xlinker -dependency_info -Xlinker /Users/michalrogowski/Downloads/bcg729-master-2/CMakeFiles/3.10.1/CompilerIdC/CompilerIdC.build/Debug/CompilerIdC.build/Objects-normal/x86_64/CompilerIdC_dependency_info.dat -o /Users/michalrogowski/Downloads/bcg729-master-2/CMakeFiles/3.10.1/CompilerIdC/CompilerIdC

PhaseScriptExecution Run\ Script CompilerIdC.build/Debug/CompilerIdC.build/Script-2C8FEB8E15DC1A1A00E56A5D.sh
    cd /Users/michalrogowski/Downloads/bcg729-master-2/CMakeFiles/3.10.1/CompilerIdC
    /bin/sh -c /Users/michalrogowski/Downloads/bcg729-master-2/CMakeFiles/3.10.1/CompilerIdC/CompilerIdC.build/Debug/CompilerIdC.build/Script-2C8FEB8E15DC1A1A00E56A5D.sh
GCC_VERSION=com.apple.compilers.llvm.clang.1_0
CURRENT_ARCH=x86_64

** BUILD SUCCEEDED **



Compilation of the C compiler identification source "CMakeCCompilerId.c" produced "CompilerIdC"

The C compiler identification is AppleClang, found in "/Users/michalrogowski/Downloads/bcg729-master-2/CMakeFiles/3.10.1/CompilerIdC/CompilerIdC"

Determining if the C compiler works passed with the following output:
Change Dir: /Users/michalrogowski/Downloads/bcg729-master-2/CMakeFiles/CMakeTmp

Run Build Command:"/usr/bin/xcodebuild" "-project" "CMAKE_TRY_COMPILE.xcodeproj" "build" "-target" "cmTC_b779d" "-configuration" "Debug"
=== BUILD TARGET cmTC_b779d OF PROJECT CMAKE_TRY_COMPILE WITH CONFIGURATION Debug ===

Check dependencies

Write auxiliary files
/bin/mkdir -p /Users/michalrogowski/Downloads/bcg729-master-2/CMakeFiles/CMakeTmp/CMAKE_TRY_COMPILE.build/Debug/cmTC_b779d.build/Objects-normal/x86_64
write-file /Users/michalrogowski/Downloads/bcg729-master-2/CMakeFiles/CMakeTmp/CMAKE_TRY_COMPILE.build/Debug/cmTC_b779d.build/Objects-normal/x86_64/cmTC_b779d.LinkFileList

CompileC CMAKE_TRY_COMPILE.build/Debug/cmTC_b779d.build/Objects-normal/x86_64/testCCompiler.o testCCompiler.c normal x86_64 c com.apple.compilers.llvm.clang.1_0.compiler
    cd /Users/michalrogowski/Downloads/bcg729-master-2/CMakeFiles/CMakeTmp
    export LANG=en_US.US-ASCII
    /Applications/Xcode.app/Contents/Developer/Toolchains/XcodeDefault.xctoolchain/usr/bin/clang -x c -arch x86_64 -fmessage-length=0 -fdiagnostics-show-note-include-stack -fmacro-backtrace-limit=0 -Wno-trigraphs -fpascal-strings -O0 -Wno-missing-field-initializers -Wno-missing-prototypes -Wno-return-type -Wno-missing-braces -Wparentheses -Wswitch -Wno-unused-function -Wno-unused-label -Wno-unused-parameter -Wno-unused-variable -Wunused-value -Wno-empty-body -Wno-uninitialized -Wno-unknown-pragmas -Wno-shadow -Wno-four-char-constants -Wno-conversion -Wno-constant-conversion -Wno-int-conversion -Wno-bool-conversion -Wno-enum-conversion -Wno-float-conversion -Wno-non-literal-null-conversion -Wno-objc-literal-conversion -Wno-shorten-64-to-32 -Wpointer-sign -Wno-newline-eof -DCMAKE_INTDIR=\"Debug\" -isysroot /Applications/Xcode.app/Contents/Developer/Platforms/MacOSX.platform/Developer/SDKs/MacOSX10.13.sdk -fasm-blocks -fstrict-aliasing -Wdeprecated-declarations -mmacosx-version-min=10.13 -g -Wno-sign-conversion -Wno-infinite-recursion -Wno-comma -Wno-block-capture-autoreleasing -Wno-strict-prototypes -I/Users/michalrogowski/Downloads/bcg729-master-2/CMakeFiles/CMakeTmp/Debug/include -I/Users/michalrogowski/Downloads/bcg729-master-2/CMakeFiles/CMakeTmp/CMAKE_TRY_COMPILE.build/Debug/cmTC_b779d.build/DerivedSources/x86_64 -I/Users/michalrogowski/Downloads/bcg729-master-2/CMakeFiles/CMakeTmp/CMAKE_TRY_COMPILE.build/Debug/cmTC_b779d.build/DerivedSources -Wmost -Wno-four-char-constants -Wno-unknown-pragmas -F/Users/michalrogowski/Downloads/bcg729-master-2/CMakeFiles/CMakeTmp/Debug -MMD -MT dependencies -MF /Users/michalrogowski/Downloads/bcg729-master-2/CMakeFiles/CMakeTmp/CMAKE_TRY_COMPILE.build/Debug/cmTC_b779d.build/Objects-normal/x86_64/testCCompiler.d --serialize-diagnostics /Users/michalrogowski/Downloads/bcg729-master-2/CMakeFiles/CMakeTmp/CMAKE_TRY_COMPILE.build/Debug/cmTC_b779d.build/Objects-normal/x86_64/testCCompiler.dia -c /Users/michalrogowski/Downloads/bcg729-master-2/CMakeFiles/CMakeTmp/testCCompiler.c -o /Users/michalrogowski/Downloads/bcg729-master-2/CMakeFiles/CMakeTmp/CMAKE_TRY_COMPILE.build/Debug/cmTC_b779d.build/Objects-normal/x86_64/testCCompiler.o

Ld Debug/cmTC_b779d normal x86_64
    cd /Users/michalrogowski/Downloads/bcg729-master-2/CMakeFiles/CMakeTmp
    export MACOSX_DEPLOYMENT_TARGET=10.13
    /Applications/Xcode.app/Contents/Developer/Toolchains/XcodeDefault.xctoolchain/usr/bin/clang -arch x86_64 -isysroot /Applications/Xcode.app/Contents/Developer/Platforms/MacOSX.platform/Developer/SDKs/MacOSX10.13.sdk -L/Users/michalrogowski/Downloads/bcg729-master-2/CMakeFiles/CMakeTmp/Debug -F/Users/michalrogowski/Downloads/bcg729-master-2/CMakeFiles/CMakeTmp/Debug -filelist /Users/michalrogowski/Downloads/bcg729-master-2/CMakeFiles/CMakeTmp/CMAKE_TRY_COMPILE.build/Debug/cmTC_b779d.build/Objects-normal/x86_64/cmTC_b779d.LinkFileList -mmacosx-version-min=10.13 -Xlinker -object_path_lto -Xlinker /Users/michalrogowski/Downloads/bcg729-master-2/CMakeFiles/CMakeTmp/CMAKE_TRY_COMPILE.build/Debug/cmTC_b779d.build/Objects-normal/x86_64/cmTC_b779d_lto.o -Xlinker -no_deduplicate -Wl,-search_paths_first -Wl,-headerpad_max_install_names -Xlinker -dependency_info -Xlinker /Users/michalrogowski/Downloads/bcg729-master-2/CMakeFiles/CMakeTmp/CMAKE_TRY_COMPILE.build/Debug/cmTC_b779d.build/Objects-normal/x86_64/cmTC_b779d_dependency_info.dat -o /Users/michalrogowski/Downloads/bcg729-master-2/CMakeFiles/CMakeTmp/Debug/cmTC_b779d

** BUILD SUCCEEDED **



Detecting C compiler ABI info compiled with the following output:
Change Dir: /Users/michalrogowski/Downloads/bcg729-master-2/CMakeFiles/CMakeTmp

Run Build Command:"/usr/bin/xcodebuild" "-project" "CMAKE_TRY_COMPILE.xcodeproj" "build" "-target" "cmTC_9358b" "-configuration" "Debug"
=== BUILD TARGET cmTC_9358b OF PROJECT CMAKE_TRY_COMPILE WITH CONFIGURATION Debug ===

Check dependencies

Write auxiliary files
/bin/mkdir -p /Users/michalrogowski/Downloads/bcg729-master-2/CMakeFiles/CMakeTmp/CMAKE_TRY_COMPILE.build/Debug/cmTC_9358b.build/Objects-normal/x86_64
write-file /Users/michalrogowski/Downloads/bcg729-master-2/CMakeFiles/CMakeTmp/CMAKE_TRY_COMPILE.build/Debug/cmTC_9358b.build/Objects-normal/x86_64/cmTC_9358b.LinkFileList

CompileC CMAKE_TRY_COMPILE.build/Debug/cmTC_9358b.build/Objects-normal/x86_64/CMakeCCompilerABI.o /Applications/CMake.app/Contents/share/cmake-3.10/Modules/CMakeCCompilerABI.c normal x86_64 c com.apple.compilers.llvm.clang.1_0.compiler
    cd /Users/michalrogowski/Downloads/bcg729-master-2/CMakeFiles/CMakeTmp
    export LANG=en_US.US-ASCII
    /Applications/Xcode.app/Contents/Developer/Toolchains/XcodeDefault.xctoolchain/usr/bin/clang -x c -arch x86_64 -fmessage-length=0 -fdiagnostics-show-note-include-stack -fmacro-backtrace-limit=0 -Wno-trigraphs -fpascal-strings -O0 -Wno-missing-field-initializers -Wno-missing-prototypes -Wno-return-type -Wno-missing-braces -Wparentheses -Wswitch -Wno-unused-function -Wno-unused-label -Wno-unused-parameter -Wno-unused-variable -Wunused-value -Wno-empty-body -Wno-uninitialized -Wno-unknown-pragmas -Wno-shadow -Wno-four-char-constants -Wno-conversion -Wno-constant-conversion -Wno-int-conversion -Wno-bool-conversion -Wno-enum-conversion -Wno-float-conversion -Wno-non-literal-null-conversion -Wno-objc-literal-conversion -Wno-shorten-64-to-32 -Wpointer-sign -Wno-newline-eof -DCMAKE_INTDIR=\"Debug\" -isysroot /Applications/Xcode.app/Contents/Developer/Platforms/MacOSX.platform/Developer/SDKs/MacOSX10.13.sdk -fasm-blocks -fstrict-aliasing -Wdeprecated-declarations -mmacosx-version-min=10.13 -g -Wno-sign-conversion -Wno-infinite-recursion -Wno-comma -Wno-block-capture-autoreleasing -Wno-strict-prototypes -I/Users/michalrogowski/Downloads/bcg729-master-2/CMakeFiles/CMakeTmp/Debug/include -I/Users/michalrogowski/Downloads/bcg729-master-2/CMakeFiles/CMakeTmp/CMAKE_TRY_COMPILE.build/Debug/cmTC_9358b.build/DerivedSources/x86_64 -I/Users/michalrogowski/Downloads/bcg729-master-2/CMakeFiles/CMakeTmp/CMAKE_TRY_COMPILE.build/Debug/cmTC_9358b.build/DerivedSources -Wmost -Wno-four-char-constants -Wno-unknown-pragmas -F/Users/michalrogowski/Downloads/bcg729-master-2/CMakeFiles/CMakeTmp/Debug -MMD -MT dependencies -MF /Users/michalrogowski/Downloads/bcg729-master-2/CMakeFiles/CMakeTmp/CMAKE_TRY_COMPILE.build/Debug/cmTC_9358b.build/Objects-normal/x86_64/CMakeCCompilerABI.d --serialize-diagnostics /Users/michalrogowski/Downloads/bcg729-master-2/CMakeFiles/CMakeTmp/CMAKE_TRY_COMPILE.build/Debug/cmTC_9358b.build/Objects-normal/x86_64/CMakeCCompilerABI.dia -c /Applications/CMake.app/Contents/share/cmake-3.10/Modules/CMakeCCompilerABI.c -o /Users/michalrogowski/Downloads/bcg729-master-2/CMakeFiles/CMakeTmp/CMAKE_TRY_COMPILE.build/Debug/cmTC_9358b.build/Objects-normal/x86_64/CMakeCCompilerABI.o

Ld Debug/cmTC_9358b normal x86_64
    cd /Users/michalrogowski/Downloads/bcg729-master-2/CMakeFiles/CMakeTmp
    export MACOSX_DEPLOYMENT_TARGET=10.13
    /Applications/Xcode.app/Contents/Developer/Toolchains/XcodeDefault.xctoolchain/usr/bin/clang -arch x86_64 -isysroot /Applications/Xcode.app/Contents/Developer/Platforms/MacOSX.platform/Developer/SDKs/MacOSX10.13.sdk -L/Users/michalrogowski/Downloads/bcg729-master-2/CMakeFiles/CMakeTmp/Debug -F/Users/michalrogowski/Downloads/bcg729-master-2/CMakeFiles/CMakeTmp/Debug -filelist /Users/michalrogowski/Downloads/bcg729-master-2/CMakeFiles/CMakeTmp/CMAKE_TRY_COMPILE.build/Debug/cmTC_9358b.build/Objects-normal/x86_64/cmTC_9358b.LinkFileList -mmacosx-version-min=10.13 -Xlinker -object_path_lto -Xlinker /Users/michalrogowski/Downloads/bcg729-master-2/CMakeFiles/CMakeTmp/CMAKE_TRY_COMPILE.build/Debug/cmTC_9358b.build/Objects-normal/x86_64/cmTC_9358b_lto.o -Xlinker -no_deduplicate -v -Wl,-v -Wl,-search_paths_first -Wl,-headerpad_max_install_names -Xlinker -dependency_info -Xlinker /Users/michalrogowski/Downloads/bcg729-master-2/CMakeFiles/CMakeTmp/CMAKE_TRY_COMPILE.build/Debug/cmTC_9358b.build/Objects-normal/x86_64/cmTC_9358b_dependency_info.dat -o /Users/michalrogowski/Downloads/bcg729-master-2/CMakeFiles/CMakeTmp/Debug/cmTC_9358b
Apple LLVM version 9.0.0 (clang-900.0.39.2)
Target: x86_64-apple-darwin17.3.0
Thread model: posix
InstalledDir: /Applications/Xcode.app/Contents/Developer/Toolchains/XcodeDefault.xctoolchain/usr/bin
 "/Applications/Xcode.app/Contents/Developer/Toolchains/XcodeDefault.xctoolchain/usr/bin/ld" -demangle -lto_library /Applications/Xcode.app/Contents/Developer/Toolchains/XcodeDefault.xctoolchain/usr/lib/libLTO.dylib -dynamic -arch x86_64 -macosx_version_min 10.13.0 -syslibroot /Applications/Xcode.app/Contents/Developer/Platforms/MacOSX.platform/Developer/SDKs/MacOSX10.13.sdk -o /Users/michalrogowski/Downloads/bcg729-master-2/CMakeFiles/CMakeTmp/Debug/cmTC_9358b -L/Users/michalrogowski/Downloads/bcg729-master-2/CMakeFiles/CMakeTmp/Debug -filelist /Users/michalrogowski/Downloads/bcg729-master-2/CMakeFiles/CMakeTmp/CMAKE_TRY_COMPILE.build/Debug/cmTC_9358b.build/Objects-normal/x86_64/cmTC_9358b.LinkFileList -object_path_lto /Users/michalrogowski/Downloads/bcg729-master-2/CMakeFiles/CMakeTmp/CMAKE_TRY_COMPILE.build/Debug/cmTC_9358b.build/Objects-normal/x86_64/cmTC_9358b_lto.o -no_deduplicate -v -search_paths_first -headerpad_max_install_names -dependency_info /Users/michalrogowski/Downloads/bcg729-master-2/CMakeFiles/CMakeTmp/CMAKE_TRY_COMPILE.build/Debug/cmTC_9358b.build/Objects-normal/x86_64/cmTC_9358b_dependency_info.dat -lSystem /Applications/Xcode.app/Contents/Developer/Toolchains/XcodeDefault.xctoolchain/usr/lib/clang/9.0.0/lib/darwin/libclang_rt.osx.a -F/Users/michalrogowski/Downloads/bcg729-master-2/CMakeFiles/CMakeTmp/Debug
@(#)PROGRAM:ld  PROJECT:ld64-305
configured to support archs: armv6 armv7 armv7s arm64 i386 x86_64 x86_64h armv6m armv7k armv7m armv7em (tvOS)
Library search paths:
	/Users/michalrogowski/Downloads/bcg729-master-2/CMakeFiles/CMakeTmp/Debug
	/Applications/Xcode.app/Contents/Developer/Platforms/MacOSX.platform/Developer/SDKs/MacOSX10.13.sdk/usr/lib
Framework search paths:
	/Users/michalrogowski/Downloads/bcg729-master-2/CMakeFiles/CMakeTmp/Debug
	/Applications/Xcode.app/Contents/Developer/Platforms/MacOSX.platform/Developer/SDKs/MacOSX10.13.sdk/System/Library/Frameworks/

** BUILD SUCCEEDED **



Parsed C implicit link information from above output:
  link line regex: [^( *|.*[/\])(ld|CMAKE_LINK_STARTFILE-NOTFOUND|([^/\]+-)?ld|collect2)[^/\]*( |$)]
  ignore line: [Change Dir: /Users/michalrogowski/Downloads/bcg729-master-2/CMakeFiles/CMakeTmp]
  ignore line: []
  ignore line: [Run Build Command:"/usr/bin/xcodebuild" "-project" "CMAKE_TRY_COMPILE.xcodeproj" "build" "-target" "cmTC_9358b" "-configuration" "Debug"]
  ignore line: [=== BUILD TARGET cmTC_9358b OF PROJECT CMAKE_TRY_COMPILE WITH CONFIGURATION Debug ===]
  ignore line: []
  ignore line: [Check dependencies]
  ignore line: []
  ignore line: [Write auxiliary files]
  ignore line: [/bin/mkdir -p /Users/michalrogowski/Downloads/bcg729-master-2/CMakeFiles/CMakeTmp/CMAKE_TRY_COMPILE.build/Debug/cmTC_9358b.build/Objects-normal/x86_64]
  ignore line: [write-file /Users/michalrogowski/Downloads/bcg729-master-2/CMakeFiles/CMakeTmp/CMAKE_TRY_COMPILE.build/Debug/cmTC_9358b.build/Objects-normal/x86_64/cmTC_9358b.LinkFileList]
  ignore line: []
  ignore line: [CompileC CMAKE_TRY_COMPILE.build/Debug/cmTC_9358b.build/Objects-normal/x86_64/CMakeCCompilerABI.o /Applications/CMake.app/Contents/share/cmake-3.10/Modules/CMakeCCompilerABI.c normal x86_64 c com.apple.compilers.llvm.clang.1_0.compiler]
  ignore line: [    cd /Users/michalrogowski/Downloads/bcg729-master-2/CMakeFiles/CMakeTmp]
  ignore line: [    export LANG=en_US.US-ASCII]
  ignore line: [    /Applications/Xcode.app/Contents/Developer/Toolchains/XcodeDefault.xctoolchain/usr/bin/clang -x c -arch x86_64 -fmessage-length=0 -fdiagnostics-show-note-include-stack -fmacro-backtrace-limit=0 -Wno-trigraphs -fpascal-strings -O0 -Wno-missing-field-initializers -Wno-missing-prototypes -Wno-return-type -Wno-missing-braces -Wparentheses -Wswitch -Wno-unused-function -Wno-unused-label -Wno-unused-parameter -Wno-unused-variable -Wunused-value -Wno-empty-body -Wno-uninitialized -Wno-unknown-pragmas -Wno-shadow -Wno-four-char-constants -Wno-conversion -Wno-constant-conversion -Wno-int-conversion -Wno-bool-conversion -Wno-enum-conversion -Wno-float-conversion -Wno-non-literal-null-conversion -Wno-objc-literal-conversion -Wno-shorten-64-to-32 -Wpointer-sign -Wno-newline-eof -DCMAKE_INTDIR=\"Debug\" -isysroot /Applications/Xcode.app/Contents/Developer/Platforms/MacOSX.platform/Developer/SDKs/MacOSX10.13.sdk -fasm-blocks -fstrict-aliasing -Wdeprecated-declarations -mmacosx-version-min=10.13 -g -Wno-sign-conversion -Wno-infinite-recursion -Wno-comma -Wno-block-capture-autoreleasing -Wno-strict-prototypes -I/Users/michalrogowski/Downloads/bcg729-master-2/CMakeFiles/CMakeTmp/Debug/include -I/Users/michalrogowski/Downloads/bcg729-master-2/CMakeFiles/CMakeTmp/CMAKE_TRY_COMPILE.build/Debug/cmTC_9358b.build/DerivedSources/x86_64 -I/Users/michalrogowski/Downloads/bcg729-master-2/CMakeFiles/CMakeTmp/CMAKE_TRY_COMPILE.build/Debug/cmTC_9358b.build/DerivedSources -Wmost -Wno-four-char-constants -Wno-unknown-pragmas -F/Users/michalrogowski/Downloads/bcg729-master-2/CMakeFiles/CMakeTmp/Debug -MMD -MT dependencies -MF /Users/michalrogowski/Downloads/bcg729-master-2/CMakeFiles/CMakeTmp/CMAKE_TRY_COMPILE.build/Debug/cmTC_9358b.build/Objects-normal/x86_64/CMakeCCompilerABI.d --serialize-diagnostics /Users/michalrogowski/Downloads/bcg729-master-2/CMakeFiles/CMakeTmp/CMAKE_TRY_COMPILE.build/Debug/cmTC_9358b.build/Objects-normal/x86_64/CMakeCCompilerABI.dia -c /Applications/CMake.app/Contents/share/cmake-3.10/Modules/CMakeCCompilerABI.c -o /Users/michalrogowski/Downloads/bcg729-master-2/CMakeFiles/CMakeTmp/CMAKE_TRY_COMPILE.build/Debug/cmTC_9358b.build/Objects-normal/x86_64/CMakeCCompilerABI.o]
  ignore line: []
  ignore line: [Ld Debug/cmTC_9358b normal x86_64]
  ignore line: [    cd /Users/michalrogowski/Downloads/bcg729-master-2/CMakeFiles/CMakeTmp]
  ignore line: [    export MACOSX_DEPLOYMENT_TARGET=10.13]
  ignore line: [    /Applications/Xcode.app/Contents/Developer/Toolchains/XcodeDefault.xctoolchain/usr/bin/clang -arch x86_64 -isysroot /Applications/Xcode.app/Contents/Developer/Platforms/MacOSX.platform/Developer/SDKs/MacOSX10.13.sdk -L/Users/michalrogowski/Downloads/bcg729-master-2/CMakeFiles/CMakeTmp/Debug -F/Users/michalrogowski/Downloads/bcg729-master-2/CMakeFiles/CMakeTmp/Debug -filelist /Users/michalrogowski/Downloads/bcg729-master-2/CMakeFiles/CMakeTmp/CMAKE_TRY_COMPILE.build/Debug/cmTC_9358b.build/Objects-normal/x86_64/cmTC_9358b.LinkFileList -mmacosx-version-min=10.13 -Xlinker -object_path_lto -Xlinker /Users/michalrogowski/Downloads/bcg729-master-2/CMakeFiles/CMakeTmp/CMAKE_TRY_COMPILE.build/Debug/cmTC_9358b.build/Objects-normal/x86_64/cmTC_9358b_lto.o -Xlinker -no_deduplicate -v -Wl,-v -Wl,-search_paths_first -Wl,-headerpad_max_install_names -Xlinker -dependency_info -Xlinker /Users/michalrogowski/Downloads/bcg729-master-2/CMakeFiles/CMakeTmp/CMAKE_TRY_COMPILE.build/Debug/cmTC_9358b.build/Objects-normal/x86_64/cmTC_9358b_dependency_info.dat -o /Users/michalrogowski/Downloads/bcg729-master-2/CMakeFiles/CMakeTmp/Debug/cmTC_9358b]
  ignore line: [Apple LLVM version 9.0.0 (clang-900.0.39.2)]
  ignore line: [Target: x86_64-apple-darwin17.3.0]
  ignore line: [Thread model: posix]
  ignore line: [InstalledDir: /Applications/Xcode.app/Contents/Developer/Toolchains/XcodeDefault.xctoolchain/usr/bin]
  reduced line: [ "/Applications/Xcode.app/Contents/Developer/Toolchains/XcodeDefault.xctoolchain/usr/bin/ld" -demangle -lto_library /Applications/Xcode.app/Contents/Developer/Toolchains/XcodeDefault.xctoolchain/usr/lib/libLTO.dylib -dynamic -arch x86_64 -macosx_version_min 10.13.0 -syslibroot /Applications/Xcode.app/Contents/Developer/Platforms/MacOSX.platform/Developer/SDKs/MacOSX10.13.sdk -o /Users/michalrogowski/Downloads/bcg729-master-2/CMakeFiles/CMakeTmp/Debug/cmTC_9358b -L/Users/michalrogowski/Downloads/bcg729-master-2/CMakeFiles/CMakeTmp/Debug -filelist /Users/michalrogowski/Downloads/bcg729-master-2/CMakeFiles/CMakeTmp/CMAKE_TRY_COMPILE.build/Debug/cmTC_9358b.build/Objects-normal/x86_64/cmTC_9358b.LinkFileList -object_path_lto /Users/michalrogowski/Downloads/bcg729-master-2/CMakeFiles/CMakeTmp/CMAKE_TRY_COMPILE.build/Debug/cmTC_9358b.build/Objects-normal/x86_64/cmTC_9358b_lto.o -no_deduplicate -v -search_paths_first -headerpad_max_install_names -dependency_info /Users/michalrogowski/Downloads/bcg729-master-2/CMakeFiles/CMakeTmp/CMAKE_TRY_COMPILE.build/Debug/cmTC_9358b.build/Objects-normal/x86_64/cmTC_9358b_dependency_info.dat -lSystem /Applications/Xcode.app/Contents/Developer/Toolchains/XcodeDefault.xctoolchain/usr/lib/clang/9.0.0/lib/darwin/libclang_rt.osx.a -F/Users/michalrogowski/Downloads/bcg729-master-2/CMakeFiles/CMakeTmp/Debug]
            to: [ "/Applications/Xcode.app/Contents/Developer/Toolchains/XcodeDefault.xctoolchain/usr/bin/ld" -demangle -lto_library /Applications/Xcode.app/Contents/Developer/Toolchains/XcodeDefault.xctoolchain/usr/lib/libLTO.dylib -dynamic -arch x86_64 -macosx_version_min 10.13.0 -syslibroot /Applications/Xcode.app/Contents/Developer/Platforms/MacOSX.platform/Developer/SDKs/MacOSX10.13.sdk -o /Users/michalrogowski/Downloads/bcg729-master-2/CMakeFiles/CMakeTmp/Debug/cmTC_9358b -filelist /Users/michalrogowski/Downloads/bcg729-master-2/CMakeFiles/CMakeTmp/CMAKE_TRY_COMPILE.build/Debug/cmTC_9358b.build/Objects-normal/x86_64/cmTC_9358b.LinkFileList -object_path_lto /Users/michalrogowski/Downloads/bcg729-master-2/CMakeFiles/CMakeTmp/CMAKE_TRY_COMPILE.build/Debug/cmTC_9358b.build/Objects-normal/x86_64/cmTC_9358b_lto.o -no_deduplicate -v -search_paths_first -headerpad_max_install_names -dependency_info /Users/michalrogowski/Downloads/bcg729-master-2/CMakeFiles/CMakeTmp/CMAKE_TRY_COMPILE.build/Debug/cmTC_9358b.build/Objects-normal/x86_64/cmTC_9358b_dependency_info.dat -lSystem /Applications/Xcode.app/Contents/Developer/Toolchains/XcodeDefault.xctoolchain/usr/lib/clang/9.0.0/lib/darwin/libclang_rt.osx.a ]
  link line: [ "/Applications/Xcode.app/Contents/Developer/Toolchains/XcodeDefault.xctoolchain/usr/bin/ld" -demangle -lto_library /Applications/Xcode.app/Contents/Developer/Toolchains/XcodeDefault.xctoolchain/usr/lib/libLTO.dylib -dynamic -arch x86_64 -macosx_version_min 10.13.0 -syslibroot /Applications/Xcode.app/Contents/Developer/Platforms/MacOSX.platform/Developer/SDKs/MacOSX10.13.sdk -o /Users/michalrogowski/Downloads/bcg729-master-2/CMakeFiles/CMakeTmp/Debug/cmTC_9358b -filelist /Users/michalrogowski/Downloads/bcg729-master-2/CMakeFiles/CMakeTmp/CMAKE_TRY_COMPILE.build/Debug/cmTC_9358b.build/Objects-normal/x86_64/cmTC_9358b.LinkFileList -object_path_lto /Users/michalrogowski/Downloads/bcg729-master-2/CMakeFiles/CMakeTmp/CMAKE_TRY_COMPILE.build/Debug/cmTC_9358b.build/Objects-normal/x86_64/cmTC_9358b_lto.o -no_deduplicate -v -search_paths_first -headerpad_max_install_names -dependency_info /Users/michalrogowski/Downloads/bcg729-master-2/CMakeFiles/CMakeTmp/CMAKE_TRY_COMPILE.build/Debug/cmTC_9358b.build/Objects-normal/x86_64/cmTC_9358b_dependency_info.dat -lSystem /Applications/Xcode.app/Contents/Developer/Toolchains/XcodeDefault.xctoolchain/usr/lib/clang/9.0.0/lib/darwin/libclang_rt.osx.a ]
    arg [/Applications/Xcode.app/Contents/Developer/Toolchains/XcodeDefault.xctoolchain/usr/bin/ld] ==> ignore
    arg [-demangle] ==> ignore
    arg [-lto_library] ==> ignore, skip following value
    arg [/Applications/Xcode.app/Contents/Developer/Toolchains/XcodeDefault.xctoolchain/usr/lib/libLTO.dylib] ==> skip value of -lto_library
    arg [-dynamic] ==> ignore
    arg [-arch] ==> ignore
    arg [x86_64] ==> ignore
    arg [-macosx_version_min] ==> ignore
    arg [10.13.0] ==> ignore
    arg [-syslibroot] ==> ignore
    arg [/Applications/Xcode.app/Contents/Developer/Platforms/MacOSX.platform/Developer/SDKs/MacOSX10.13.sdk] ==> ignore
    arg [-o] ==> ignore
    arg [/Users/michalrogowski/Downloads/bcg729-master-2/CMakeFiles/CMakeTmp/Debug/cmTC_9358b] ==> ignore
    arg [-filelist] ==> ignore
    arg [/Users/michalrogowski/Downloads/bcg729-master-2/CMakeFiles/CMakeTmp/CMAKE_TRY_COMPILE.build/Debug/cmTC_9358b.build/Objects-normal/x86_64/cmTC_9358b.LinkFileList] ==> ignore
    arg [-object_path_lto] ==> ignore
    arg [/Users/michalrogowski/Downloads/bcg729-master-2/CMakeFiles/CMakeTmp/CMAKE_TRY_COMPILE.build/Debug/cmTC_9358b.build/Objects-normal/x86_64/cmTC_9358b_lto.o] ==> ignore
    arg [-no_deduplicate] ==> ignore
    arg [-v] ==> ignore
    arg [-search_paths_first] ==> ignore
    arg [-headerpad_max_install_names] ==> ignore
    arg [-dependency_info] ==> ignore
    arg [/Users/michalrogowski/Downloads/bcg729-master-2/CMakeFiles/CMakeTmp/CMAKE_TRY_COMPILE.build/Debug/cmTC_9358b.build/Objects-normal/x86_64/cmTC_9358b_dependency_info.dat] ==> ignore
    arg [-lSystem] ==> lib [System]
    arg [/Applications/Xcode.app/Contents/Developer/Toolchains/XcodeDefault.xctoolchain/usr/lib/clang/9.0.0/lib/darwin/libclang_rt.osx.a] ==> lib [/Applications/Xcode.app/Contents/Developer/Toolchains/XcodeDefault.xctoolchain/usr/lib/clang/9.0.0/lib/darwin/libclang_rt.osx.a]
  Library search paths: [;/Users/michalrogowski/Downloads/bcg729-master-2/CMakeFiles/CMakeTmp/Debug;/Applications/Xcode.app/Contents/Developer/Platforms/MacOSX.platform/Developer/SDKs/MacOSX10.13.sdk/usr/lib]
  Framework search paths: [;/Users/michalrogowski/Downloads/bcg729-master-2/CMakeFiles/CMakeTmp/Debug;/Applications/Xcode.app/Contents/Developer/Platforms/MacOSX.platform/Developer/SDKs/MacOSX10.13.sdk/System/Library/Frameworks/]
  remove lib [System]
  remove lib [/Applications/Xcode.app/Contents/Developer/Toolchains/XcodeDefault.xctoolchain/usr/lib/clang/9.0.0/lib/darwin/libclang_rt.osx.a]
  collapse library dir [/Users/michalrogowski/Downloads/bcg729-master-2/CMakeFiles/CMakeTmp/Debug] ==> [/Users/michalrogowski/Downloads/bcg729-master-2/CMakeFiles/CMakeTmp/Debug], skipping non-system directory
  collapse library dir [/Applications/Xcode.app/Contents/Developer/Platforms/MacOSX.platform/Developer/SDKs/MacOSX10.13.sdk/usr/lib] ==> [/Applications/Xcode.app/Contents/Developer/Platforms/MacOSX.platform/Developer/SDKs/MacOSX10.13.sdk/usr/lib]
  collapse framework dir [/Users/michalrogowski/Downloads/bcg729-master-2/CMakeFiles/CMakeTmp/Debug] ==> [/Users/michalrogowski/Downloads/bcg729-master-2/CMakeFiles/CMakeTmp/Debug], skipping non-system directory
  collapse framework dir [/Applications/Xcode.app/Contents/Developer/Platforms/MacOSX.platform/Developer/SDKs/MacOSX10.13.sdk/System/Library/Frameworks/] ==> [/Applications/Xcode.app/Contents/Developer/Platforms/MacOSX.platform/Developer/SDKs/MacOSX10.13.sdk/System/Library/Frameworks]
  implicit libs: []
  implicit dirs: [/Applications/Xcode.app/Contents/Developer/Platforms/MacOSX.platform/Developer/SDKs/MacOSX10.13.sdk/usr/lib]
  implicit fwks: [/Applications/Xcode.app/Contents/Developer/Platforms/MacOSX.platform/Developer/SDKs/MacOSX10.13.sdk/System/Library/Frameworks]




Detecting C [-std=c11] compiler features compiled with the following output:
Change Dir: /Users/michalrogowski/Downloads/bcg729-master-2/CMakeFiles/CMakeTmp

Run Build Command:"/usr/bin/xcodebuild" "-project" "CMAKE_TRY_COMPILE.xcodeproj" "build" "-target" "cmTC_2d823" "-configuration" "Debug"
=== BUILD TARGET cmTC_2d823 OF PROJECT CMAKE_TRY_COMPILE WITH CONFIGURATION Debug ===

Check dependencies

Write auxiliary files
/bin/mkdir -p /Users/michalrogowski/Downloads/bcg729-master-2/CMakeFiles/CMakeTmp/CMAKE_TRY_COMPILE.build/Debug/cmTC_2d823.build/Objects-normal/x86_64
write-file /Users/michalrogowski/Downloads/bcg729-master-2/CMakeFiles/CMakeTmp/CMAKE_TRY_COMPILE.build/Debug/cmTC_2d823.build/Objects-normal/x86_64/cmTC_2d823.LinkFileList

CompileC CMAKE_TRY_COMPILE.build/Debug/cmTC_2d823.build/Objects-normal/x86_64/feature_tests.o /Users/michalrogowski/Downloads/bcg729-master-2/CMakeFiles/feature_tests.c normal x86_64 c com.apple.compilers.llvm.clang.1_0.compiler
    cd /Users/michalrogowski/Downloads/bcg729-master-2/CMakeFiles/CMakeTmp
    export LANG=en_US.US-ASCII
    /Applications/Xcode.app/Contents/Developer/Toolchains/XcodeDefault.xctoolchain/usr/bin/clang -x c -arch x86_64 -fmessage-length=0 -fdiagnostics-show-note-include-stack -fmacro-backtrace-limit=0 -Wno-trigraphs -fpascal-strings -O0 -Wno-missing-field-initializers -Wno-missing-prototypes -Wno-return-type -Wno-missing-braces -Wparentheses -Wswitch -Wno-unused-function -Wno-unused-label -Wno-unused-parameter -Wno-unused-variable -Wunused-value -Wno-empty-body -Wno-uninitialized -Wno-unknown-pragmas -Wno-shadow -Wno-four-char-constants -Wno-conversion -Wno-constant-conversion -Wno-int-conversion -Wno-bool-conversion -Wno-enum-conversion -Wno-float-conversion -Wno-non-literal-null-conversion -Wno-objc-literal-conversion -Wno-shorten-64-to-32 -Wpointer-sign -Wno-newline-eof -DCMAKE_INTDIR=\"Debug\" -isysroot /Applications/Xcode.app/Contents/Developer/Platforms/MacOSX.platform/Developer/SDKs/MacOSX10.13.sdk -fasm-blocks -fstrict-aliasing -Wdeprecated-declarations -mmacosx-version-min=10.13 -g -Wno-sign-conversion -Wno-infinite-recursion -Wno-comma -Wno-block-capture-autoreleasing -Wno-strict-prototypes -I/Users/michalrogowski/Downloads/bcg729-master-2/CMakeFiles/CMakeTmp/Debug/include -I/Users/michalrogowski/Downloads/bcg729-master-2/CMakeFiles/CMakeTmp/CMAKE_TRY_COMPILE.build/Debug/cmTC_2d823.build/DerivedSources/x86_64 -I/Users/michalrogowski/Downloads/bcg729-master-2/CMakeFiles/CMakeTmp/CMAKE_TRY_COMPILE.build/Debug/cmTC_2d823.build/DerivedSources -Wmost -Wno-four-char-constants -Wno-unknown-pragmas -F/Users/michalrogowski/Downloads/bcg729-master-2/CMakeFiles/CMakeTmp/Debug -std=c11 -MMD -MT dependencies -MF /Users/michalrogowski/Downloads/bcg729-master-2/CMakeFiles/CMakeTmp/CMAKE_TRY_COMPILE.build/Debug/cmTC_2d823.build/Objects-normal/x86_64/feature_tests.d --serialize-diagnostics /Users/michalrogowski/Downloads/bcg729-master-2/CMakeFiles/CMakeTmp/CMAKE_TRY_COMPILE.build/Debug/cmTC_2d823.build/Objects-normal/x86_64/feature_tests.dia -c /Users/michalrogowski/Downloads/bcg729-master-2/CMakeFiles/feature_tests.c -o /Users/michalrogowski/Downloads/bcg729-master-2/CMakeFiles/CMakeTmp/CMAKE_TRY_COMPILE.build/Debug/cmTC_2d823.build/Objects-normal/x86_64/feature_tests.o

Ld Debug/cmTC_2d823 normal x86_64
    cd /Users/michalrogowski/Downloads/bcg729-master-2/CMakeFiles/CMakeTmp
    export MACOSX_DEPLOYMENT_TARGET=10.13
    /Applications/Xcode.app/Contents/Developer/Toolchains/XcodeDefault.xctoolchain/usr/bin/clang -arch x86_64 -isysroot /Applications/Xcode.app/Contents/Developer/Platforms/MacOSX.platform/Developer/SDKs/MacOSX10.13.sdk -L/Users/michalrogowski/Downloads/bcg729-master-2/CMakeFiles/CMakeTmp/Debug -F/Users/michalrogowski/Downloads/bcg729-master-2/CMakeFiles/CMakeTmp/Debug -filelist /Users/michalrogowski/Downloads/bcg729-master-2/CMakeFiles/CMakeTmp/CMAKE_TRY_COMPILE.build/Debug/cmTC_2d823.build/Objects-normal/x86_64/cmTC_2d823.LinkFileList -mmacosx-version-min=10.13 -Xlinker -object_path_lto -Xlinker /Users/michalrogowski/Downloads/bcg729-master-2/CMakeFiles/CMakeTmp/CMAKE_TRY_COMPILE.build/Debug/cmTC_2d823.build/Objects-normal/x86_64/cmTC_2d823_lto.o -Xlinker -no_deduplicate -Wl,-search_paths_first -Wl,-headerpad_max_install_names -Xlinker -dependency_info -Xlinker /Users/michalrogowski/Downloads/bcg729-master-2/CMakeFiles/CMakeTmp/CMAKE_TRY_COMPILE.build/Debug/cmTC_2d823.build/Objects-normal/x86_64/cmTC_2d823_dependency_info.dat -o /Users/michalrogowski/Downloads/bcg729-master-2/CMakeFiles/CMakeTmp/Debug/cmTC_2d823

** BUILD SUCCEEDED **



    Feature record: C_FEATURE:1c_function_prototypes
    Feature record: C_FEATURE:1c_restrict
    Feature record: C_FEATURE:1c_static_assert
    Feature record: C_FEATURE:1c_variadic_macros


Detecting C [-std=c99] compiler features compiled with the following output:
Change Dir: /Users/michalrogowski/Downloads/bcg729-master-2/CMakeFiles/CMakeTmp

Run Build Command:"/usr/bin/xcodebuild" "-project" "CMAKE_TRY_COMPILE.xcodeproj" "build" "-target" "cmTC_1c8fc" "-configuration" "Debug"
=== BUILD TARGET cmTC_1c8fc OF PROJECT CMAKE_TRY_COMPILE WITH CONFIGURATION Debug ===

Check dependencies

Write auxiliary files
/bin/mkdir -p /Users/michalrogowski/Downloads/bcg729-master-2/CMakeFiles/CMakeTmp/CMAKE_TRY_COMPILE.build/Debug/cmTC_1c8fc.build/Objects-normal/x86_64
write-file /Users/michalrogowski/Downloads/bcg729-master-2/CMakeFiles/CMakeTmp/CMAKE_TRY_COMPILE.build/Debug/cmTC_1c8fc.build/Objects-normal/x86_64/cmTC_1c8fc.LinkFileList

CompileC CMAKE_TRY_COMPILE.build/Debug/cmTC_1c8fc.build/Objects-normal/x86_64/feature_tests.o /Users/michalrogowski/Downloads/bcg729-master-2/CMakeFiles/feature_tests.c normal x86_64 c com.apple.compilers.llvm.clang.1_0.compiler
    cd /Users/michalrogowski/Downloads/bcg729-master-2/CMakeFiles/CMakeTmp
    export LANG=en_US.US-ASCII
    /Applications/Xcode.app/Contents/Developer/Toolchains/XcodeDefault.xctoolchain/usr/bin/clang -x c -arch x86_64 -fmessage-length=0 -fdiagnostics-show-note-include-stack -fmacro-backtrace-limit=0 -Wno-trigraphs -fpascal-strings -O0 -Wno-missing-field-initializers -Wno-missing-prototypes -Wno-return-type -Wno-missing-braces -Wparentheses -Wswitch -Wno-unused-function -Wno-unused-label -Wno-unused-parameter -Wno-unused-variable -Wunused-value -Wno-empty-body -Wno-uninitialized -Wno-unknown-pragmas -Wno-shadow -Wno-four-char-constants -Wno-conversion -Wno-constant-conversion -Wno-int-conversion -Wno-bool-conversion -Wno-enum-conversion -Wno-float-conversion -Wno-non-literal-null-conversion -Wno-objc-literal-conversion -Wno-shorten-64-to-32 -Wpointer-sign -Wno-newline-eof -DCMAKE_INTDIR=\"Debug\" -isysroot /Applications/Xcode.app/Contents/Developer/Platforms/MacOSX.platform/Developer/SDKs/MacOSX10.13.sdk -fasm-blocks -fstrict-aliasing -Wdeprecated-declarations -mmacosx-version-min=10.13 -g -Wno-sign-conversion -Wno-infinite-recursion -Wno-comma -Wno-block-capture-autoreleasing -Wno-strict-prototypes -I/Users/michalrogowski/Downloads/bcg729-master-2/CMakeFiles/CMakeTmp/Debug/include -I/Users/michalrogowski/Downloads/bcg729-master-2/CMakeFiles/CMakeTmp/CMAKE_TRY_COMPILE.build/Debug/cmTC_1c8fc.build/DerivedSources/x86_64 -I/Users/michalrogowski/Downloads/bcg729-master-2/CMakeFiles/CMakeTmp/CMAKE_TRY_COMPILE.build/Debug/cmTC_1c8fc.build/DerivedSources -Wmost -Wno-four-char-constants -Wno-unknown-pragmas -F/Users/michalrogowski/Downloads/bcg729-master-2/CMakeFiles/CMakeTmp/Debug -std=c99 -MMD -MT dependencies -MF /Users/michalrogowski/Downloads/bcg729-master-2/CMakeFiles/CMakeTmp/CMAKE_TRY_COMPILE.build/Debug/cmTC_1c8fc.build/Objects-normal/x86_64/feature_tests.d --serialize-diagnostics /Users/michalrogowski/Downloads/bcg729-master-2/CMakeFiles/CMakeTmp/CMAKE_TRY_COMPILE.build/Debug/cmTC_1c8fc.build/Objects-normal/x86_64/feature_tests.dia -c /Users/michalrogowski/Downloads/bcg729-master-2/CMakeFiles/feature_tests.c -o /Users/michalrogowski/Downloads/bcg729-master-2/CMakeFiles/CMakeTmp/CMAKE_TRY_COMPILE.build/Debug/cmTC_1c8fc.build/Objects-normal/x86_64/feature_tests.o

Ld Debug/cmTC_1c8fc normal x86_64
    cd /Users/michalrogowski/Downloads/bcg729-master-2/CMakeFiles/CMakeTmp
    export MACOSX_DEPLOYMENT_TARGET=10.13
    /Applications/Xcode.app/Contents/Developer/Toolchains/XcodeDefault.xctoolchain/usr/bin/clang -arch x86_64 -isysroot /Applications/Xcode.app/Contents/Developer/Platforms/MacOSX.platform/Developer/SDKs/MacOSX10.13.sdk -L/Users/michalrogowski/Downloads/bcg729-master-2/CMakeFiles/CMakeTmp/Debug -F/Users/michalrogowski/Downloads/bcg729-master-2/CMakeFiles/CMakeTmp/Debug -filelist /Users/michalrogowski/Downloads/bcg729-master-2/CMakeFiles/CMakeTmp/CMAKE_TRY_COMPILE.build/Debug/cmTC_1c8fc.build/Objects-normal/x86_64/cmTC_1c8fc.LinkFileList -mmacosx-version-min=10.13 -Xlinker -object_path_lto -Xlinker /Users/michalrogowski/Downloads/bcg729-master-2/CMakeFiles/CMakeTmp/CMAKE_TRY_COMPILE.build/Debug/cmTC_1c8fc.build/Objects-normal/x86_64/cmTC_1c8fc_lto.o -Xlinker -no_deduplicate -Wl,-search_paths_first -Wl,-headerpad_max_install_names -Xlinker -dependency_info -Xlinker /Users/michalrogowski/Downloads/bcg729-master-2/CMakeFiles/CMakeTmp/CMAKE_TRY_COMPILE.build/Debug/cmTC_1c8fc.build/Objects-normal/x86_64/cmTC_1c8fc_dependency_info.dat -o /Users/michalrogowski/Downloads/bcg729-master-2/CMakeFiles/CMakeTmp/Debug/cmTC_1c8fc

** BUILD SUCCEEDED **



    Feature record: C_FEATURE:1c_function_prototypes
    Feature record: C_FEATURE:1c_restrict
    Feature record: C_FEATURE:0c_static_assert
    Feature record: C_FEATURE:1c_variadic_macros


Detecting C [-std=c90] compiler features compiled with the following output:
Change Dir: /Users/michalrogowski/Downloads/bcg729-master-2/CMakeFiles/CMakeTmp

Run Build Command:"/usr/bin/xcodebuild" "-project" "CMAKE_TRY_COMPILE.xcodeproj" "build" "-target" "cmTC_2f2ad" "-configuration" "Debug"
=== BUILD TARGET cmTC_2f2ad OF PROJECT CMAKE_TRY_COMPILE WITH CONFIGURATION Debug ===

Check dependencies

Write auxiliary files
/bin/mkdir -p /Users/michalrogowski/Downloads/bcg729-master-2/CMakeFiles/CMakeTmp/CMAKE_TRY_COMPILE.build/Debug/cmTC_2f2ad.build/Objects-normal/x86_64
write-file /Users/michalrogowski/Downloads/bcg729-master-2/CMakeFiles/CMakeTmp/CMAKE_TRY_COMPILE.build/Debug/cmTC_2f2ad.build/Objects-normal/x86_64/cmTC_2f2ad.LinkFileList

CompileC CMAKE_TRY_COMPILE.build/Debug/cmTC_2f2ad.build/Objects-normal/x86_64/feature_tests.o /Users/michalrogowski/Downloads/bcg729-master-2/CMakeFiles/feature_tests.c normal x86_64 c com.apple.compilers.llvm.clang.1_0.compiler
    cd /Users/michalrogowski/Downloads/bcg729-master-2/CMakeFiles/CMakeTmp
    export LANG=en_US.US-ASCII
    /Applications/Xcode.app/Contents/Developer/Toolchains/XcodeDefault.xctoolchain/usr/bin/clang -x c -arch x86_64 -fmessage-length=0 -fdiagnostics-show-note-include-stack -fmacro-backtrace-limit=0 -Wno-trigraphs -fpascal-strings -O0 -Wno-missing-field-initializers -Wno-missing-prototypes -Wno-return-type -Wno-missing-braces -Wparentheses -Wswitch -Wno-unused-function -Wno-unused-label -Wno-unused-parameter -Wno-unused-variable -Wunused-value -Wno-empty-body -Wno-uninitialized -Wno-unknown-pragmas -Wno-shadow -Wno-four-char-constants -Wno-conversion -Wno-constant-conversion -Wno-int-conversion -Wno-bool-conversion -Wno-enum-conversion -Wno-float-conversion -Wno-non-literal-null-conversion -Wno-objc-literal-conversion -Wno-shorten-64-to-32 -Wpointer-sign -Wno-newline-eof -DCMAKE_INTDIR=\"Debug\" -isysroot /Applications/Xcode.app/Contents/Developer/Platforms/MacOSX.platform/Developer/SDKs/MacOSX10.13.sdk -fasm-blocks -fstrict-aliasing -Wdeprecated-declarations -mmacosx-version-min=10.13 -g -Wno-sign-conversion -Wno-infinite-recursion -Wno-comma -Wno-block-capture-autoreleasing -Wno-strict-prototypes -I/Users/michalrogowski/Downloads/bcg729-master-2/CMakeFiles/CMakeTmp/Debug/include -I/Users/michalrogowski/Downloads/bcg729-master-2/CMakeFiles/CMakeTmp/CMAKE_TRY_COMPILE.build/Debug/cmTC_2f2ad.build/DerivedSources/x86_64 -I/Users/michalrogowski/Downloads/bcg729-master-2/CMakeFiles/CMakeTmp/CMAKE_TRY_COMPILE.build/Debug/cmTC_2f2ad.build/DerivedSources -Wmost -Wno-four-char-constants -Wno-unknown-pragmas -F/Users/michalrogowski/Downloads/bcg729-master-2/CMakeFiles/CMakeTmp/Debug -std=c90 -MMD -MT dependencies -MF /Users/michalrogowski/Downloads/bcg729-master-2/CMakeFiles/CMakeTmp/CMAKE_TRY_COMPILE.build/Debug/cmTC_2f2ad.build/Objects-normal/x86_64/feature_tests.d --serialize-diagnostics /Users/michalrogowski/Downloads/bcg729-master-2/CMakeFiles/CMakeTmp/CMAKE_TRY_COMPILE.build/Debug/cmTC_2f2ad.build/Objects-normal/x86_64/feature_tests.dia -c /Users/michalrogowski/Downloads/bcg729-master-2/CMakeFiles/feature_tests.c -o /Users/michalrogowski/Downloads/bcg729-master-2/CMakeFiles/CMakeTmp/CMAKE_TRY_COMPILE.build/Debug/cmTC_2f2ad.build/Objects-normal/x86_64/feature_tests.o

Ld Debug/cmTC_2f2ad normal x86_64
    cd /Users/michalrogowski/Downloads/bcg729-master-2/CMakeFiles/CMakeTmp
    export MACOSX_DEPLOYMENT_TARGET=10.13
    /Applications/Xcode.app/Contents/Developer/Toolchains/XcodeDefault.xctoolchain/usr/bin/clang -arch x86_64 -isysroot /Applications/Xcode.app/Contents/Developer/Platforms/MacOSX.platform/Developer/SDKs/MacOSX10.13.sdk -L/Users/michalrogowski/Downloads/bcg729-master-2/CMakeFiles/CMakeTmp/Debug -F/Users/michalrogowski/Downloads/bcg729-master-2/CMakeFiles/CMakeTmp/Debug -filelist /Users/michalrogowski/Downloads/bcg729-master-2/CMakeFiles/CMakeTmp/CMAKE_TRY_COMPILE.build/Debug/cmTC_2f2ad.build/Objects-normal/x86_64/cmTC_2f2ad.LinkFileList -mmacosx-version-min=10.13 -Xlinker -object_path_lto -Xlinker /Users/michalrogowski/Downloads/bcg729-master-2/CMakeFiles/CMakeTmp/CMAKE_TRY_COMPILE.build/Debug/cmTC_2f2ad.build/Objects-normal/x86_64/cmTC_2f2ad_lto.o -Xlinker -no_deduplicate -Wl,-search_paths_first -Wl,-headerpad_max_install_names -Xlinker -dependency_info -Xlinker /Users/michalrogowski/Downloads/bcg729-master-2/CMakeFiles/CMakeTmp/CMAKE_TRY_COMPILE.build/Debug/cmTC_2f2ad.build/Objects-normal/x86_64/cmTC_2f2ad_dependency_info.dat -o /Users/michalrogowski/Downloads/bcg729-master-2/CMakeFiles/CMakeTmp/Debug/cmTC_2f2ad

** BUILD SUCCEEDED **



    Feature record: C_FEATURE:1c_function_prototypes
    Feature record: C_FEATURE:0c_restrict
    Feature record: C_FEATURE:0c_static_assert
    Feature record: C_FEATURE:0c_variadic_macros
